{"/Users/oscar/development/angular-libraries/ng-simple-alert/projects/oscar-not-so-simple-input/src/lib/oscar-not-so-simple-input.component.ts": {"path":"/Users/oscar/development/angular-libraries/ng-simple-alert/projects/oscar-not-so-simple-input/src/lib/oscar-not-so-simple-input.component.ts","statementMap":{"0":{"start":{"line":1,"column":0},"end":{"line":1,"column":57}},"1":{"start":{"line":13,"column":0},"end":{"line":21,"column":null}},"2":{"start":{"line":14,"column":11},"end":{"line":14,"column":null}},"3":{"start":{"line":15,"column":11},"end":{"line":15,"column":null}},"4":{"start":{"line":16,"column":11},"end":{"line":16,"column":null}},"5":{"start":{"line":13,"column":13},"end":{"line":21,"column":null}},"6":{"start":{"line":13,"column":13},"end":{"line":13,"column":43}}},"fnMap":{"0":{"name":"(anonymous_0)","decl":{"start":{"line":18,"column":2},"end":{"line":18,"column":17}},"loc":{"start":{"line":18,"column":2},"end":{"line":18,"column":18}}},"1":{"name":"(anonymous_1)","decl":{"start":{"line":20,"column":2},"end":{"line":20,"column":10}},"loc":{"start":{"line":20,"column":10},"end":{"line":20,"column":15}}}},"branchMap":{},"s":{"0":1,"1":1,"2":1,"3":1,"4":1,"5":1,"6":1},"f":{"0":1,"1":1},"b":{}}
,"/Users/oscar/development/angular-libraries/ng-simple-alert/projects/oscar-not-so-simple-input/src/lib/oscar-not-so-simple-input.service.ts": {"path":"/Users/oscar/development/angular-libraries/ng-simple-alert/projects/oscar-not-so-simple-input/src/lib/oscar-not-so-simple-input.service.ts","statementMap":{"0":{"start":{"line":1,"column":0},"end":{"line":1,"column":43}},"1":{"start":{"line":6,"column":0},"end":{"line":8,"column":null}},"2":{"start":{"line":6,"column":13},"end":{"line":8,"column":null}},"3":{"start":{"line":6,"column":13},"end":{"line":6,"column":41}}},"fnMap":{"0":{"name":"(anonymous_0)","decl":{"start":{"line":7,"column":2},"end":{"line":7,"column":17}},"loc":{"start":{"line":7,"column":2},"end":{"line":7,"column":18}}}},"branchMap":{},"s":{"0":1,"1":1,"2":1,"3":1},"f":{"0":1},"b":{}}
}
