TN:
SF:/Users/oscar/development/angular-libraries/ng-simple-alert/projects/oscar-not-so-simple-input/src/lib/oscar-not-so-simple-input.component.ts
FN:18,(anonymous_0)
FN:20,(anonymous_1)
FNF:2
FNH:2
FNDA:1,(anonymous_0)
FNDA:1,(anonymous_1)
DA:1,1
DA:13,1
DA:14,1
DA:15,1
DA:16,1
LF:5
LH:5
BRF:0
BRH:0
end_of_record
TN:
SF:/Users/oscar/development/angular-libraries/ng-simple-alert/projects/oscar-not-so-simple-input/src/lib/oscar-not-so-simple-input.service.ts
FN:7,(anonymous_0)
FNF:1
FNH:1
FNDA:1,(anonymous_0)
DA:1,1
DA:6,1
LF:2
LH:2
BRF:0
BRH:0
end_of_record
