<?xml version="1.0" encoding="UTF-8"?>
<coverage generated="1574941262622" clover="3.2.0">
  <project timestamp="1574941262623" name="All files">
    <metrics statements="17" coveredstatements="16" conditionals="0" coveredconditionals="0" methods="9" coveredmethods="8" elements="26" coveredelements="24" complexity="0" loc="17" ncloc="17" packages="1" files="2" classes="2"/>
    <file name="ng-simple-alert.component.ts" path="/Users/oscar/development/angular-libraries/ng-simple-alert/projects/ng-simple-alert/src/lib/ng-simple-alert.component.ts">
      <metrics statements="8" coveredstatements="7" conditionals="0" coveredconditionals="0" methods="3" coveredmethods="2"/>
      <line num="1" count="1" type="stmt"/>
      <line num="2" count="1" type="stmt"/>
      <line num="3" count="1" type="stmt"/>
      <line num="15" count="1" type="stmt"/>
      <line num="17" count="1" type="stmt"/>
      <line num="19" count="1" type="stmt"/>
      <line num="22" count="1" type="stmt"/>
      <line num="26" count="0" type="stmt"/>
    </file>
    <file name="ng-simple-alert.service.ts" path="/Users/oscar/development/angular-libraries/ng-simple-alert/projects/ng-simple-alert/src/lib/ng-simple-alert.service.ts">
      <metrics statements="9" coveredstatements="9" conditionals="0" coveredconditionals="0" methods="6" coveredmethods="6"/>
      <line num="1" count="2" type="stmt"/>
      <line num="2" count="2" type="stmt"/>
      <line num="13" count="2" type="stmt"/>
      <line num="16" count="5" type="stmt"/>
      <line num="19" count="1" type="stmt"/>
      <line num="23" count="1" type="stmt"/>
      <line num="27" count="1" type="stmt"/>
      <line num="31" count="1" type="stmt"/>
      <line num="35" count="4" type="stmt"/>
    </file>
  </project>
</coverage>
