{"/Users/oscar/development/angular-libraries/ng-simple-alert/projects/ng-simple-alert/src/lib/ng-simple-alert.component.ts": {"path":"/Users/oscar/development/angular-libraries/ng-simple-alert/projects/ng-simple-alert/src/lib/ng-simple-alert.component.ts","statementMap":{"0":{"start":{"line":1,"column":0},"end":{"line":1,"column":50}},"1":{"start":{"line":2,"column":0},"end":{"line":2,"column":50}},"2":{"start":{"line":3,"column":0},"end":{"line":3,"column":79}},"3":{"start":{"line":15,"column":0},"end":{"line":28,"column":null}},"4":{"start":{"line":19,"column":22},"end":{"line":19,"column":36}},"5":{"start":{"line":17,"column":2},"end":{"line":17,"column":34}},"6":{"start":{"line":22,"column":4},"end":{"line":22,"column":77}},"7":{"start":{"line":26,"column":4},"end":{"line":26,"column":23}},"8":{"start":{"line":15,"column":13},"end":{"line":28,"column":null}},"9":{"start":{"line":15,"column":13},"end":{"line":15,"column":35}}},"fnMap":{"0":{"name":"(anonymous_0)","decl":{"start":{"line":19,"column":2},"end":{"line":19,"column":22}},"loc":{"start":{"line":19,"column":56},"end":{"line":19,"column":60}}},"1":{"name":"(anonymous_1)","decl":{"start":{"line":21,"column":2},"end":{"line":21,"column":10}},"loc":{"start":{"line":21,"column":10},"end":{"line":23,"column":3}}},"2":{"name":"(anonymous_2)","decl":{"start":{"line":25,"column":2},"end":{"line":25,"column":12}},"loc":{"start":{"line":25,"column":12},"end":{"line":27,"column":3}}}},"branchMap":{},"s":{"0":1,"1":1,"2":1,"3":1,"4":1,"5":1,"6":1,"7":0,"8":1,"9":1},"f":{"0":1,"1":1,"2":0},"b":{}}
,"/Users/oscar/development/angular-libraries/ng-simple-alert/projects/ng-simple-alert/src/lib/ng-simple-alert.service.ts": {"path":"/Users/oscar/development/angular-libraries/ng-simple-alert/projects/ng-simple-alert/src/lib/ng-simple-alert.service.ts","statementMap":{"0":{"start":{"line":1,"column":0},"end":{"line":1,"column":43}},"1":{"start":{"line":2,"column":0},"end":{"line":2,"column":31}},"2":{"start":{"line":13,"column":0},"end":{"line":37,"column":null}},"3":{"start":{"line":16,"column":9},"end":{"line":16,"column":53}},"4":{"start":{"line":19,"column":4},"end":{"line":19,"column":84}},"5":{"start":{"line":23,"column":4},"end":{"line":23,"column":79}},"6":{"start":{"line":27,"column":4},"end":{"line":27,"column":87}},"7":{"start":{"line":31,"column":4},"end":{"line":31,"column":84}},"8":{"start":{"line":35,"column":4},"end":{"line":35,"column":38}},"9":{"start":{"line":13,"column":13},"end":{"line":37,"column":null}},"10":{"start":{"line":13,"column":13},"end":{"line":13,"column":33}}},"fnMap":{"0":{"name":"(anonymous_0)","decl":{"start":{"line":14,"column":2},"end":{"line":14,"column":17}},"loc":{"start":{"line":14,"column":2},"end":{"line":14,"column":18}}},"1":{"name":"(anonymous_1)","decl":{"start":{"line":18,"column":9},"end":{"line":18,"column":27}},"loc":{"start":{"line":18,"column":43},"end":{"line":20,"column":3}}},"2":{"name":"(anonymous_2)","decl":{"start":{"line":22,"column":9},"end":{"line":22,"column":26}},"loc":{"start":{"line":22,"column":42},"end":{"line":24,"column":3}}},"3":{"name":"(anonymous_3)","decl":{"start":{"line":26,"column":9},"end":{"line":26,"column":27}},"loc":{"start":{"line":26,"column":43},"end":{"line":28,"column":3}}},"4":{"name":"(anonymous_4)","decl":{"start":{"line":30,"column":9},"end":{"line":30,"column":24}},"loc":{"start":{"line":30,"column":40},"end":{"line":32,"column":3}}},"5":{"name":"(anonymous_5)","decl":{"start":{"line":34,"column":10},"end":{"line":34,"column":28}},"loc":{"start":{"line":34,"column":75},"end":{"line":36,"column":3}}}},"branchMap":{},"s":{"0":2,"1":2,"2":2,"3":5,"4":1,"5":1,"6":1,"7":1,"8":4,"9":2,"10":2},"f":{"0":5,"1":1,"2":1,"3":1,"4":1,"5":4},"b":{}}
}
