TN:
SF:/Users/oscar/development/angular-libraries/ng-simple-alert/projects/ng-simple-alert/src/lib/ng-simple-alert.component.ts
FN:19,(anonymous_0)
FN:21,(anonymous_1)
FN:25,(anonymous_2)
FNF:3
FNH:2
FNDA:1,(anonymous_0)
FNDA:1,(anonymous_1)
FNDA:0,(anonymous_2)
DA:1,1
DA:2,1
DA:3,1
DA:15,1
DA:17,1
DA:19,1
DA:22,1
DA:26,0
LF:8
LH:7
BRF:0
BRH:0
end_of_record
TN:
SF:/Users/oscar/development/angular-libraries/ng-simple-alert/projects/ng-simple-alert/src/lib/ng-simple-alert.service.ts
FN:14,(anonymous_0)
FN:18,(anonymous_1)
FN:22,(anonymous_2)
FN:26,(anonymous_3)
FN:30,(anonymous_4)
FN:34,(anonymous_5)
FNF:6
FNH:6
FNDA:5,(anonymous_0)
FNDA:1,(anonymous_1)
FNDA:1,(anonymous_2)
FNDA:1,(anonymous_3)
FNDA:1,(anonymous_4)
FNDA:4,(anonymous_5)
DA:1,2
DA:2,2
DA:13,2
DA:16,5
DA:19,1
DA:23,1
DA:27,1
DA:31,1
DA:35,4
LF:9
LH:9
BRF:0
BRH:0
end_of_record
